<?xml version="1.0" encoding="UTF-8"?>
<testng-results ignored="0" total="1" passed="0" failed="1" skipped="0">
  <reporter-output>
  </reporter-output>
  <suite started-at="2021-04-30T17:43:20 COT" name="Command line suite" finished-at="2021-04-30T17:43:31 COT" duration-ms="10825">
    <groups>
      <group name="cucumber">
        <method signature="AbstractTestNGCucumberTests.runScenario(io.cucumber.testng.PickleWrapper,io.cucumber.testng.FeatureWrapper)[pri:0, instance:RunCukesTest@79079097]" name="runScenario" class="io.cucumber.testng.AbstractTestNGCucumberTests"/>
      </group> <!-- cucumber -->
    </groups>
    <test started-at="2021-04-30T17:43:20 COT" name="Command line test" finished-at="2021-04-30T17:43:31 COT" duration-ms="10825">
      <class name="RunCukesTest">
        <test-method is-config="true" signature="setUpClass()[pri:0, instance:RunCukesTest@79079097]" started-at="2021-04-30T17:43:20 COT" name="setUpClass" finished-at="2021-04-30T17:43:20 COT" duration-ms="259" status="PASS">
          <reporter-output>
          </reporter-output>
        </test-method> <!-- setUpClass -->
        <test-method signature="runScenario(io.cucumber.testng.PickleWrapper,io.cucumber.testng.FeatureWrapper)[pri:0, instance:RunCukesTest@79079097]" started-at="2021-04-30T17:43:20 COT" name="runScenario" description="Runs Cucumber Scenarios" data-provider="scenarios" finished-at="2021-04-30T17:43:31 COT" duration-ms="10537" status="FAIL">
          <params>
            <param index="0">
              <value>
                <![CDATA["Create a user"]]>
              </value>
            </param>
            <param index="1">
              <value>
                <![CDATA["Optional[Create a  user]"]]>
              </value>
            </param>
          </params>
          <exception class="java.lang.AssertionError">
            <message>
              <![CDATA[expected [An account using this email address has already been registered. Please enter a valid password or request a new one.] but found [true]]]>
            </message>
            <full-stacktrace>
              <![CDATA[java.lang.AssertionError: expected [An account using this email address has already been registered. Please enter a valid password or request a new one.] but found [true]
at org.testng.Assert.fail(Assert.java:99)
at org.testng.Assert.failNotEquals(Assert.java:1037)
at org.testng.Assert.assertEqualsImpl(Assert.java:140)
at org.testng.Assert.assertEquals(Assert.java:122)
at org.testng.Assert.assertEquals(Assert.java:617)
at Steps.AppTest.Step3(AppTest.java:60)
at âœ½.I write(file:///C:/Users/Angelo/Desktop/git/Cucumber/src/test/java/features/feature.feature:27)
]]>
            </full-stacktrace>
          </exception> <!-- java.lang.AssertionError -->
          <reporter-output>
          </reporter-output>
        </test-method> <!-- runScenario -->
        <test-method is-config="true" signature="tearDownClass()[pri:0, instance:RunCukesTest@79079097]" started-at="2021-04-30T17:43:31 COT" name="tearDownClass" finished-at="2021-04-30T17:43:31 COT" duration-ms="2" status="PASS">
          <reporter-output>
          </reporter-output>
        </test-method> <!-- tearDownClass -->
      </class> <!-- RunCukesTest -->
    </test> <!-- Command line test -->
  </suite> <!-- Command line suite -->
</testng-results>
